<?xml version="1.0" encoding="UTF-8"?>
<Site BuildName="(empty)"
	BuildStamp="20250711-2112-Experimental"
	Name="(empty)"
	Generator="ctest-3.28.3"
	CompilerName=""
	CompilerVersion=""
	OSName="Linux"
	Hostname="localhost.localdomain"
	OSRelease="6.4.0-150600.23.53-default"
	OSVersion="#1 SMP PREEMPT_DYNAMIC Wed Jun  4 05:37:40 UTC 2025 (2d991ff)"
	OSPlatform="x86_64"
	Is64Bits="1"
	VendorString="AuthenticAMD"
	VendorID="Advanced Micro Devices"
	FamilyID="26"
	ModelID="68"
	ProcessorCacheSize="1024"
	NumberOfLogicalCPU="12"
	NumberOfPhysicalCPU="6"
	TotalVirtualMemory="2048"
	TotalPhysicalMemory="61864"
	LogicalProcessorsPerPhysical="2"
	ProcessorClockFrequency="2738.07"
	>
	<Testing>
		<StartDateTime>Jul 11 15:24 MST</StartDateTime>
		<StartTestTime>1752272698</StartTestTime>
		<TestList/>
		<EndDateTime>Jul 11 15:24 MST</EndDateTime>
		<EndTestTime>1752272698</EndTestTime>
		<ElapsedMinutes>0</ElapsedMinutes>
	</Testing>
</Site>
